0 info it worked if it ends with ok
1 verbose cli [ 'C:\\Program Files\\nodejs\\node.exe',
1 verbose cli   'C:\\Program Files\\nodejs\\node_modules\\npm\\bin\\npm-cli.js',
1 verbose cli   'start' ]
2 info using npm@3.10.9
3 info using node@v6.9.2
4 verbose run-script [ 'prestart', 'start', 'poststart' ]
5 info lifecycle site@1.0.0~prestart: site@1.0.0
6 silly lifecycle site@1.0.0~prestart: no script for prestart, continuing
7 info lifecycle site@1.0.0~start: site@1.0.0
8 verbose lifecycle site@1.0.0~start: unsafe-perm in lifecycle true
9 verbose lifecycle site@1.0.0~start: PATH: C:\Program Files\nodejs\node_modules\npm\bin\node-gyp-bin;C:\Users\aruan\Downloads\projects\Sas\site\node_modules\.bin;C:\Windows\system32;C:\Windows;C:\Windows\System32\Wbem;C:\Windows\System32\WindowsPowerShell\v1.0\;C:\Users\aruan\.dnx\bin;C:\Program Files\Microsoft DNX\Dnvm\;C:\Program Files\Git\cmd;C:\Program Files\Microsoft SQL Server\120\Tools\Binn\;C:\Program Files\Microsoft SQL Server\130\Tools\Binn\;C:\Program Files\nodejs\;C:\Program Files (x86)\NVIDIA Corporation\PhysX\Common;C:\Program Files (x86)\Skype\Phone\;C:\Program Files\TortoiseHg\;C:\xampp\php;C:\ProgramData\ComposerSetup\bin;C:\Program Files (x86)\Windows Live\Shared;C:\Users\aruan\AppData\Local\Microsoft\WindowsApps;C:\Users\aruan\AppData\Local\.meteor\;C:\Program Files (x86)\Microsoft VS Code\bin;C:\Users\aruan\AppData\Roaming\npm;C:\Program Files\MongoDB\Server\3.4\bin;C:\Python27;C:\Program Files (x86)\GnuWin32\bin;C:\Users\aruan\AppData\Local\Spoon\Cmd;C:\Users\aruan\AppData\Roaming\Composer\vendor\bin
10 verbose lifecycle site@1.0.0~start: CWD: C:\Users\aruan\Downloads\projects\Sas\site
11 silly lifecycle site@1.0.0~start: Args: [ '/d /s /c',
11 silly lifecycle   'browser-sync start --server --files \'*.html, **/*.js, **/*.css\'' ]
12 verbose stack Error: kill ENOSYS
12 verbose stack     at exports._errnoException (util.js:1022:11)
12 verbose stack     at process.kill (internal/process.js:172:13)
12 verbose stack     at process.listener (C:\Program Files\nodejs\node_modules\npm\node_modules\npmlog\node_modules\gauge\node_modules\signal-exit\index.js:86:15)
12 verbose stack     at emitNone (events.js:91:20)
12 verbose stack     at process.emit (events.js:185:7)
12 verbose stack     at processEmit (C:\Program Files\nodejs\node_modules\npm\node_modules\npmlog\node_modules\gauge\node_modules\signal-exit\index.js:146:32)
12 verbose stack     at processEmit (C:\Program Files\nodejs\node_modules\npm\node_modules\npm-registry-client\node_modules\npmlog\node_modules\gauge\node_modules\signal-exit\index.js:146:32)
12 verbose stack     at Signal.wrap.onsignal (internal/process.js:199:44)
13 verbose cwd C:\Users\aruan\Downloads\projects\Sas\site
14 error Windows_NT 10.0.14393
15 error argv "C:\\Program Files\\nodejs\\node.exe" "C:\\Program Files\\nodejs\\node_modules\\npm\\bin\\npm-cli.js" "start"
16 error node v6.9.2
17 error npm  v3.10.9
18 error code ENOSYS
19 error errno ENOSYS
20 error syscall kill
21 error kill ENOSYS
22 error If you need help, you may report this error at:
22 error     <https://github.com/npm/npm/issues>
23 verbose exit [ 1, true ]
